<?xml version="1.0" encoding="UTF-8"?>
<TestRun id="01cceaf1-2cf4-4d3e-8f64-cbf4309df10f" name="Perseo@PERSEO-PC 2013-03-30 02:05:27" runUser="Perseo-PC\Perseo" xmlns="http://microsoft.com/schemas/VisualStudio/TeamTest/2010">
  <TestSettings name="Local" id="ba2a96c2-d046-4d38-9489-34ba11a1d312">
    <Description>Esta es la configuración de pruebas predeterminada para una ejecución de pruebas local.</Description>
    <Deployment enabled="false" runDeploymentRoot="Perseo_PERSEO-PC 2013-03-30 02_05_27">
      <DeploymentItem filename="C:\Users\Perseo\Documents\Visual Studio 2010\Projects\AutomataConverter\Automata\bin\Debug\Automata.exe" />
    </Deployment>
    <Execution>
      <TestTypeSpecific />
      <AgentRule name="Execution Agents">
      </AgentRule>
    </Execution>
  </TestSettings>
  <Times creation="2013-03-30T02:05:27.1800270-05:00" queuing="2013-03-30T02:05:27.2670319-05:00" start="2013-03-30T02:05:27.3000338-05:00" finish="2013-03-30T02:05:27.8360645-05:00" />
  <ResultSummary outcome="Completed">
    <Counters total="1" executed="1" passed="1" error="0" failed="0" timeout="0" aborted="0" inconclusive="0" passedButRunAborted="0" notRunnable="0" notExecuted="0" disconnected="0" warning="0" completed="0" inProgress="0" pending="0" />
  </ResultSummary>
  <TestDefinitions>
    <UnitTest name="TransitionConstructorTest" storage="c:\users\perseo\documents\visual studio 2010\projects\automataconverter\automatatest\bin\debug\automatatest.dll" id="b3968783-340f-13e2-ae54-f4e3e6ba4c36">
      <Execution id="c42fb143-54b3-4c41-8d2a-1ff59601e46b" />
      <TestMethod codeBase="C:/Users/Perseo/Documents/Visual Studio 2010/Projects/AutomataConverter/AutomataTest/bin/Debug/AutomataTest.DLL" adapterTypeName="Microsoft.VisualStudio.TestTools.TestTypes.Unit.UnitTestAdapter, Microsoft.VisualStudio.QualityTools.Tips.UnitTest.Adapter, Version=10.0.0.0, Culture=neutral, PublicKeyToken=b03f5f7f11d50a3a" className="AutomataTest.TransitionTest, AutomataTest, Version=1.0.0.0, Culture=neutral, PublicKeyToken=null" name="TransitionConstructorTest" />
    </UnitTest>
  </TestDefinitions>
  <TestLists>
    <TestList name="Resultados que no están en la lista" id="8c84fa94-04c1-424b-9868-57a2d4851a1d" />
    <TestList name="Todos los resultados cargados" id="19431567-8539-422a-85d7-44ee4e166bda" />
  </TestLists>
  <TestEntries>
    <TestEntry testId="b3968783-340f-13e2-ae54-f4e3e6ba4c36" executionId="c42fb143-54b3-4c41-8d2a-1ff59601e46b" testListId="8c84fa94-04c1-424b-9868-57a2d4851a1d" />
  </TestEntries>
  <Results>
    <UnitTestResult executionId="c42fb143-54b3-4c41-8d2a-1ff59601e46b" testId="b3968783-340f-13e2-ae54-f4e3e6ba4c36" testName="TransitionConstructorTest" computerName="PERSEO-PC" duration="00:00:00.0406813" startTime="2013-03-30T02:05:27.3280354-05:00" endTime="2013-03-30T02:05:27.7950621-05:00" testType="13cdc9d9-ddb5-4fa4-a97d-d965ccfc6d4b" outcome="Passed" testListId="8c84fa94-04c1-424b-9868-57a2d4851a1d" relativeResultsDirectory="c42fb143-54b3-4c41-8d2a-1ff59601e46b">
      <Output>
        <StdOut>Estado q0 transiciona con b al estado System.String[]</StdOut>
      </Output>
    </UnitTestResult>
  </Results>
</TestRun>